<?xml version="1.0" encoding="UTF-8"?>
<testng-results skipped="0" failed="0" ignored="0" total="1" passed="1">
  <reporter-output>
  </reporter-output>
  <suite name="Surefire suite" duration-ms="51" started-at="2020-05-17T00:49:08Z" finished-at="2020-05-17T00:49:08Z">
    <groups>
    </groups>
    <test name="Surefire test" duration-ms="51" started-at="2020-05-17T00:49:08Z" finished-at="2020-05-17T00:49:08Z">
      <class name="com.menneni.MortgageTests">
        <test-method status="PASS" signature="HomeMortgageTest()[pri:0, instance:com.menneni.MortgageTests@3d8c7aca]" name="HomeMortgageTest" duration-ms="14" started-at="2020-05-17T00:49:08Z" finished-at="2020-05-17T00:49:08Z">
          <reporter-output>
          </reporter-output>
        </test-method> <!-- HomeMortgageTest -->
      </class> <!-- com.menneni.MortgageTests -->
    </test> <!-- Surefire test -->
  </suite> <!-- Surefire suite -->
</testng-results>
